<?xml version="1.0" encoding="UTF-8"?>
<testsuite xmlns:xsi="http://www.w3.org/2001/XMLSchema-instance" xsi:noNamespaceSchemaLocation="https://maven.apache.org/surefire/maven-surefire-plugin/xsd/surefire-test-report-3.0.xsd" version="3.0" name="edu.iu.habahram.coffeeorder.CoffeeOrderApplicationTests" time="20.366" tests="16" errors="0" skipped="0" failures="0">
  <properties>
[...]
</properties>
  <testcase name="testEspressoWithMocha" classname="edu.iu.habahram.coffeeorder.CoffeeOrderApplicationTests" time="4.209">
    <system-out><![CDATA[22:15:52.936 [main] INFO org.springframework.test.context.support.AnnotationConfigContextLoaderUtils -- Could not detect default configuration classes for test class [edu.iu.habahram.coffeeorder.CoffeeOrderApplicationTests]: CoffeeOrderApplicationTests does not declare any static, non-private, non-final, nested classes annotated with @Configuration.
22:15:53.637 [main] INFO org.springframework.boot.test.context.SpringBootTestContextBootstrapper -- Found @SpringBootConfiguration edu.iu.habahram.coffeeorder.CoffeeOrderApplication for test class edu.iu.habahram.coffeeorder.CoffeeOrderApplicationTests

  .   ____          _            __ _ _
 /\\ / ___'_ __ _ _(_)_ __  __ _ \ \ \ \
( ( )\___ | '_ | '_| | '_ \/ _` | \ \ \ \
 \\/  ___)| |_)| | | | | || (_| |  ) ) ) )
  '  |____| .__|_| |_|_| |_\__, | / / / /
 =========|_|==============|___/=/_/_/_/
 :: Spring Boot ::                (v3.2.2)

2025-04-13T22:15:57.021-04:00  INFO 3284 --- [           main] e.i.h.c.CoffeeOrderApplicationTests      : Starting CoffeeOrderApplicationTests using Java 23.0.1 with PID 3284 (started by dgbha in D:\Grads\OSD\coffee-order)
2025-04-13T22:15:57.032-04:00  INFO 3284 --- [           main] e.i.h.c.CoffeeOrderApplicationTests      : No active profile set, falling back to 1 default profile: "default"
2025-04-13T22:16:07.291-04:00  INFO 3284 --- [           main] e.i.h.c.CoffeeOrderApplicationTests      : Started CoffeeOrderApplicationTests in 12.644 seconds (process running for 19.836)
]]></system-out>
    <system-err><![CDATA[WARNING: A Java agent has been loaded dynamically (C:\Users\dgbha\.m2\repository\net\bytebuddy\byte-buddy-agent\1.14.11\byte-buddy-agent-1.14.11.jar)
WARNING: If a serviceability tool is in use, please run with -XX:+EnableDynamicAgentLoading to hide this warning
WARNING: If a serviceability tool is not in use, please run with -Djdk.instrument.traceUsage for more information
WARNING: Dynamic loading of agents will be disallowed by default in a future release
]]></system-err>
  </testcase>
  <testcase name="testDecafWithAllCondiments" classname="edu.iu.habahram.coffeeorder.CoffeeOrderApplicationTests" time="0.03"/>
  <testcase name="testDarkRoastWithAllCondiments" classname="edu.iu.habahram.coffeeorder.CoffeeOrderApplicationTests" time="0.02"/>
  <testcase name="testEspresso" classname="edu.iu.habahram.coffeeorder.CoffeeOrderApplicationTests" time="0.014"/>
  <testcase name="testDecaf" classname="edu.iu.habahram.coffeeorder.CoffeeOrderApplicationTests" time="0.009"/>
  <testcase name="testDarkRoast" classname="edu.iu.habahram.coffeeorder.CoffeeOrderApplicationTests" time="0.014"/>
  <testcase name="testDecafWithSoy" classname="edu.iu.habahram.coffeeorder.CoffeeOrderApplicationTests" time="0.006"/>
  <testcase name="testDarkRoastWithMilk" classname="edu.iu.habahram.coffeeorder.CoffeeOrderApplicationTests" time="0.015"/>
  <testcase name="testEspressoWithMochaAndSoy" classname="edu.iu.habahram.coffeeorder.CoffeeOrderApplicationTests" time="0.019"/>
  <testcase name="testHouseBlendWithAllCondiments" classname="edu.iu.habahram.coffeeorder.CoffeeOrderApplicationTests" time="0.012"/>
  <testcase name="testHouseBlendWithMilkAndSoy" classname="edu.iu.habahram.coffeeorder.CoffeeOrderApplicationTests" time="0.014"/>
  <testcase name="testHouseBlendWithWhip" classname="edu.iu.habahram.coffeeorder.CoffeeOrderApplicationTests" time="0.016"/>
  <testcase name="testDecafWithMilkAndWhip" classname="edu.iu.habahram.coffeeorder.CoffeeOrderApplicationTests" time="0.026"/>
  <testcase name="testHouseBlend" classname="edu.iu.habahram.coffeeorder.CoffeeOrderApplicationTests" time="0.009"/>
  <testcase name="testDarkRoastWithMilkAndMocha" classname="edu.iu.habahram.coffeeorder.CoffeeOrderApplicationTests" time="0.008"/>
  <testcase name="testEspressoWithAllCondiments" classname="edu.iu.habahram.coffeeorder.CoffeeOrderApplicationTests" time="0.008"/>
</testsuite>